<?xml version="1.0" encoding="UTF-8"?>
<testsuite name="at.campus02.dbp2.jpa.OneToOneSpec" tests="1" skipped="0" failures="0" errors="0" timestamp="2020-10-23T07:34:08" hostname="CE-106" time="1.534">
  <properties/>
  <testcase name="persistAnimalAndOwnerStoresRelationInDatabase" classname="at.campus02.dbp2.jpa.OneToOneSpec" time="1.534"/>
  <system-out><![CDATA[[EL Info]: 2020-10-23 09:34:09.129--ServerSession(1505273059)--EclipseLink, version: Eclipse Persistence Services - 2.7.7.v20200504-69f2c2b80d
]]></system-out>
  <system-err><![CDATA[]]></system-err>
</testsuite>
